2025-05-10T07:40:15.079Z [32minfo[39m: 	Inside createVaccine drive: 
2025-05-10T07:40:15.096Z [32minfo[39m: 	Vaccine drive created successfully {
  id: '6122cfc4-58ef-44c8-866e-ac600bc475ec',
  vaccineName: 'COVI-SHILD',
  date: 2025-04-20T00:00:00.000Z,
  grades: '5',
  isExpired: false,
  _id: new ObjectId('681f02df4a0c53a5580fde82'),
  __v: 0
}
2025-05-10T11:42:12.797Z [32minfo[39m: 	Inside dashboard overview function
2025-05-10T11:43:07.717Z [32minfo[39m: 	Inside createVaccine drive: 
2025-05-10T11:43:07.742Z [32minfo[39m: 	Vaccine drive created successfully {
  id: '36a0b65e-d659-444e-bd71-275d0f714a31',
  vaccineName: 'COVI-SHILD',
  date: 2025-05-20T00:00:00.000Z,
  grades: '5',
  isExpired: false,
  _id: new ObjectId('681f3bcb4c3255145d8bb5fd'),
  __v: 0
}
2025-05-10T11:43:18.197Z [32minfo[39m: 	Inside dashboard overview function
2025-05-10T11:58:55.748Z [32minfo[39m: 	Dashboard stats generated successfully
2025-05-10T18:11:19.168Z [32minfo[39m: 	Inside dashboard overview function
2025-05-10T18:12:04.024Z [32minfo[39m: 	Inside list drives functions
2025-05-10T18:12:58.543Z [32minfo[39m: 	Inside upcomingDrives
2025-05-10T18:15:20.361Z [32minfo[39m: 	Inside dashboard overview function
2025-05-10T18:28:40.319Z [32minfo[39m: 	The server is listening on the port: 
2025-05-10T18:29:08.573Z [32minfo[39m: 	The server is listening on the port: 
